
9월 13, 2019 09:33:26.28 NEW SESSION
9월 13, 2019 09:33:26.28 [10112:14716:0913/093326.279:ERROR:browser_process_sub_thread.cc(203)] Waited 16 ms for network service
9월 13, 2019 10:17:25.87 [11096:13960:0913/101725.870:ERROR:browser_process_sub_thread.cc(203)] Waited 8 ms for network service

9월 13, 2019 19:20:36.38 NEW SESSION
9월 13, 2019 19:20:36.38 [5288:3400:0913/192036.385:ERROR:socket_stream.cc(219)] Closing stream with result -2
9월 13, 2019 22:20:38.52 [5288:15980:0913/222038.526:ERROR:gcm_channel_status_request.cc(146)] GCM channel request failed.
9월 13, 2019 22:20:39.73 [5288:3400:0913/222038.941:ERROR:socket_stream.cc(219)] Closing stream with result -2
9월 13, 2019 22:20:39.73 [5288:3400:0913/222038.959:ERROR:connection_factory_impl.cc(413)] Failed to connect to MCS endpoint with error -105
9월 13, 2019 22:56:23.53 [5288:15980:0913/225623.529:ERROR:gcm_channel_status_request.cc(146)] GCM channel request failed.
9월 13, 2019 22:56:24.72 [5288:3400:0913/225623.533:ERROR:connection_factory_impl.cc(413)] Failed to connect to MCS endpoint with error -105
9월 13, 2019 22:56:35.93 [5288:3400:0913/225635.934:ERROR:connection_factory_impl.cc(413)] Failed to connect to MCS endpoint with error -21
9월 13, 2019 23:09:42.83 [5288:3400:0913/230942.832:ERROR:browser_process_sub_thread.cc(203)] Waited 15 ms for network service

9월 15, 2019 13:06:00.48 NEW SESSION
9월 15, 2019 13:06:00.48 [6556:13408:0915/130600.478:ERROR:socket_stream.cc(219)] Closing stream with result -2
9월 15, 2019 13:30:21.00 [6556:13332:0915/133021.007:ERROR:gcm_channel_status_request.cc(146)] GCM channel request failed.
9월 15, 2019 13:30:24.72 [6556:13408:0915/133024.728:ERROR:connection_factory_impl.cc(413)] Failed to connect to MCS endpoint with error -21
9월 15, 2019 13:33:44.23 [6556:13408:0915/133344.234:ERROR:browser_process_sub_thread.cc(203)] Waited 8 ms for network service
9월 15, 2019 13:48:26.23 [1840:836:0915/134826.230:ERROR:browser_process_sub_thread.cc(203)] Waited 14 ms for network service

9월 17, 2019 14:20:10.99 NEW SESSION
9월 17, 2019 14:20:10.99 [6028:12468:0917/142010.995:ERROR:browser_process_sub_thread.cc(203)] Waited 19 ms for network service
9월 17, 2019 14:33:30.52 [5480:17396:0917/143330.520:ERROR:connection_factory_impl.cc(413)] Failed to connect to MCS endpoint with error -106
9월 17, 2019 14:34:43.80 [5480:17396:0917/143443.801:ERROR:socket_stream.cc(219)] Closing stream with result -2
9월 17, 2019 14:35:28.82 [5480:17396:0917/143528.824:ERROR:connection_factory_impl.cc(413)] Failed to connect to MCS endpoint with error -106
9월 17, 2019 14:35:58.25 [5480:17396:0917/143558.254:ERROR:connection_factory_impl.cc(413)] Failed to connect to MCS endpoint with error -106
9월 17, 2019 15:16:07.91 [5480:17396:0917/151607.918:ERROR:connection_factory_impl.cc(413)] Failed to connect to MCS endpoint with error -106
9월 17, 2019 15:41:58.98 [5480:17396:0917/154158.987:ERROR:connection_factory_impl.cc(413)] Failed to connect to MCS endpoint with error -118
9월 17, 2019 16:01:32.57 [5480:17396:0917/160132.574:ERROR:browser_process_sub_thread.cc(203)] Waited 18 ms for network service
9월 17, 2019 16:01:52.69 [2328:2556:0917/160152.697:ERROR:browser_process_sub_thread.cc(203)] Waited 22 ms for network service
9월 17, 2019 16:21:20.57 [10164:15764:0917/162120.573:ERROR:browser_process_sub_thread.cc(203)] Waited 7 ms for network service
9월 17, 2019 16:48:37.11 [14792:11296:0917/164837.110:ERROR:browser_process_sub_thread.cc(203)] Waited 14 ms for network service
9월 17, 2019 17:25:10.38 [15312:3552:0917/172510.384:ERROR:socket_stream.cc(219)] Closing stream with result -2
9월 17, 2019 17:56:50.86 [15312:3552:0917/175650.867:ERROR:socket_stream.cc(219)] Closing stream with result -2
9월 17, 2019 17:58:06.25 [15312:3552:0917/175806.257:ERROR:browser_process_sub_thread.cc(203)] Waited 9 ms for network service
9월 17, 2019 19:03:30.44 [11912:14244:0917/190330.440:ERROR:browser_process_sub_thread.cc(203)] Waited 14 ms for network service
9월 17, 2019 19:43:30.84 [17912:17800:0917/194330.844:ERROR:browser_process_sub_thread.cc(203)] Waited 9 ms for network service
9월 17, 2019 20:58:52.90 [3312:16416:0917/205852.902:ERROR:browser_process_sub_thread.cc(203)] Waited 15 ms for network service

9월 18, 2019 16:24:47.36 NEW SESSION
9월 18, 2019 16:24:47.36 [1272:11968:0918/162447.362:ERROR:socket_stream.cc(219)] Closing stream with result -2
9월 18, 2019 16:35:38.07 [1272:11968:0918/163538.073:ERROR:socket_stream.cc(219)] Closing stream with result -2
9월 18, 2019 16:44:49.88 [1272:11968:0918/164449.889:ERROR:browser_process_sub_thread.cc(203)] Waited 10 ms for network service
9월 18, 2019 16:55:14.19 [11360:18072:0918/165514.193:ERROR:browser_process_sub_thread.cc(203)] Waited 9 ms for network service
9월 18, 2019 17:41:56.08 [17664:9760:0918/174156.089:ERROR:socket_stream.cc(219)] Closing stream with result -2
9월 18, 2019 18:23:02.09 [17664:9760:0918/182302.096:ERROR:connection_factory_impl.cc(413)] Failed to connect to MCS endpoint with error -106
9월 18, 2019 18:29:22.90 [17664:9760:0918/182922.901:ERROR:connection_factory_impl.cc(413)] Failed to connect to MCS endpoint with error -109
9월 18, 2019 18:29:26.08 [17664:9760:0918/182926.083:ERROR:connection_factory_impl.cc(413)] Failed to connect to MCS endpoint with error -105
9월 18, 2019 18:53:09.46 [17664:9760:0918/185309.464:ERROR:socket_stream.cc(219)] Closing stream with result -2
9월 18, 2019 19:02:37.56 [17664:9760:0918/190237.563:ERROR:socket_stream.cc(219)] Closing stream with result -2
9월 18, 2019 19:02:49.57 [17664:9760:0918/190249.573:ERROR:connection_factory_impl.cc(413)] Failed to connect to MCS endpoint with error -105
9월 18, 2019 19:03:23.79 [17664:9760:0918/190323.789:ERROR:connection_factory_impl.cc(413)] Failed to connect to MCS endpoint with error -105
9월 18, 2019 19:04:21.26 [17664:9760:0918/190421.266:ERROR:connection_factory_impl.cc(413)] Failed to connect to MCS endpoint with error -105
9월 18, 2019 19:06:24.97 [17664:9760:0918/190624.977:ERROR:connection_factory_impl.cc(413)] Failed to connect to MCS endpoint with error -105
9월 18, 2019 19:09:57.64 [17664:9760:0918/190957.643:ERROR:connection_factory_impl.cc(413)] Failed to connect to MCS endpoint with error -105
9월 18, 2019 19:15:17.21 [17664:9760:0918/191517.214:ERROR:browser_process_sub_thread.cc(203)] Waited 14 ms for network service
9월 18, 2019 19:51:37.04 [18740:18612:0918/195137.049:ERROR:browser_process_sub_thread.cc(203)] Waited 12 ms for network service
9월 18, 2019 19:54:37.65 [7224:19232:0918/195437.658:ERROR:browser_process_sub_thread.cc(203)] Waited 17 ms for network service

9월 19, 2019 13:35:52.91 NEW SESSION
9월 19, 2019 13:35:52.91 [14440:9804:0919/133552.910:ERROR:browser_process_sub_thread.cc(203)] Waited 14 ms for network service
9월 19, 2019 14:10:11.36 [2868:9300:0919/141011.363:ERROR:browser_process_sub_thread.cc(203)] Waited 17 ms for network service
9월 19, 2019 14:17:59.31 [16352:2816:0919/141759.317:ERROR:browser_process_sub_thread.cc(203)] Waited 14 ms for network service
9월 19, 2019 14:22:18.29 [18640:9804:0919/142218.296:ERROR:browser_process_sub_thread.cc(203)] Waited 16 ms for network service
9월 19, 2019 14:41:22.14 [14072:2676:0919/144122.145:ERROR:browser_process_sub_thread.cc(203)] Waited 10 ms for network service

9월 19, 2019 15:46:00.72 NEW SESSION
9월 19, 2019 15:46:00.72 [18868:18256:0919/154600.565:ERROR:browser_process_sub_thread.cc(203)] Waited 21 ms for network service
9월 19, 2019 15:53:26.48 [15496:12868:0919/155326.489:ERROR:browser_process_sub_thread.cc(203)] Waited 10 ms for network service

9월 19, 2019 16:35:23.81 NEW SESSION
9월 19, 2019 16:35:23.81 [2688:8616:0919/163523.808:ERROR:connection_factory_impl.cc(413)] Failed to connect to MCS endpoint with error -21
9월 19, 2019 17:25:12.90 [2688:8616:0919/172512.907:ERROR:socket_stream.cc(219)] Closing stream with result -2
9월 19, 2019 18:45:27.32 [2688:8616:0919/184527.322:ERROR:connection_factory_impl.cc(413)] Failed to connect to MCS endpoint with error -106
9월 19, 2019 18:48:39.31 [2688:8616:0919/184839.309:ERROR:connection_factory_impl.cc(413)] Failed to connect to MCS endpoint with error -106
9월 19, 2019 20:02:55.86 [2688:8616:0919/200255.865:ERROR:browser_process_sub_thread.cc(203)] Waited 22 ms for network service
9월 19, 2019 20:19:55.36 [3448:15432:0919/201955.359:ERROR:browser_process_sub_thread.cc(203)] Waited 21 ms for network service
9월 19, 2019 22:37:29.75 [3140:5876:0919/223729.752:ERROR:browser_process_sub_thread.cc(203)] Waited 16 ms for network service
9월 19, 2019 22:41:30.92 [13560:17608:0919/224130.921:ERROR:browser_process_sub_thread.cc(203)] Waited 17 ms for network service
9월 19, 2019 22:49:51.89 [14796:10472:0919/224951.898:ERROR:browser_process_sub_thread.cc(203)] Waited 15 ms for network service

9월 20, 2019 14:11:29.36 NEW SESSION
9월 20, 2019 14:11:29.36 [444:17364:0920/141129.195:ERROR:browser_process_sub_thread.cc(203)] Waited 17 ms for network service
9월 20, 2019 14:17:33.77 [19336:2244:0920/141733.770:ERROR:browser_process_sub_thread.cc(203)] Waited 9 ms for network service
9월 20, 2019 14:25:16.36 [18872:9564:0920/142516.360:ERROR:browser_process_sub_thread.cc(203)] Waited 5 ms for network service
9월 20, 2019 14:26:13.65 [8868:5316:0920/142613.655:ERROR:browser_process_sub_thread.cc(203)] Waited 15 ms for network service
9월 20, 2019 14:29:15.63 [5624:2788:0920/142915.630:ERROR:browser_process_sub_thread.cc(203)] Waited 10 ms for network service
9월 20, 2019 14:30:06.28 [14912:3908:0920/143006.281:ERROR:browser_process_sub_thread.cc(203)] Waited 14 ms for network service
9월 20, 2019 14:54:54.69 [3144:2728:0920/145454.692:ERROR:browser_process_sub_thread.cc(203)] Waited 15 ms for network service
9월 20, 2019 14:55:32.55 [7628:14452:0920/145532.551:ERROR:browser_process_sub_thread.cc(203)] Waited 9 ms for network service
9월 20, 2019 14:57:09.76 [8244:10844:0920/145709.763:ERROR:browser_process_sub_thread.cc(203)] Waited 11 ms for network service
9월 20, 2019 16:25:42.82 [8336:6344:0920/162542.820:ERROR:socket_stream.cc(219)] Closing stream with result -2
9월 20, 2019 16:35:42.61 [8336:6344:0920/163542.618:ERROR:browser_process_sub_thread.cc(203)] Waited 6 ms for network service
9월 20, 2019 16:50:44.76 [5248:16628:0920/165044.764:ERROR:browser_process_sub_thread.cc(203)] Waited 8 ms for network service
9월 20, 2019 17:33:35.51 [16496:18572:0920/173335.515:ERROR:socket_stream.cc(219)] Closing stream with result -2
9월 20, 2019 18:02:59.40 [16496:18572:0920/180259.400:ERROR:browser_process_sub_thread.cc(203)] Waited 9 ms for network service
9월 20, 2019 19:49:16.84 [15344:2668:0920/194916.848:ERROR:browser_process_sub_thread.cc(203)] Waited 13 ms for network service
9월 20, 2019 19:51:59.16 [10200:9572:0920/195159.160:ERROR:browser_process_sub_thread.cc(203)] Waited 9 ms for network service

9월 21, 2019 13:55:40.54 NEW SESSION
9월 21, 2019 13:55:40.54 [15192:13920:0921/135540.539:ERROR:browser_process_sub_thread.cc(203)] Waited 14 ms for network service
9월 21, 2019 15:30:38.07 [5492:17280:0921/153038.079:ERROR:socket_stream.cc(219)] Closing stream with result -2
9월 21, 2019 15:48:31.00 [5492:17280:0921/154831.003:ERROR:browser_process_sub_thread.cc(203)] Waited 11 ms for network service
9월 21, 2019 16:41:40.03 [15836:9500:0921/164140.029:ERROR:browser_process_sub_thread.cc(203)] Waited 5 ms for network service
9월 21, 2019 16:41:58.93 [16664:14968:0921/164158.932:ERROR:browser_process_sub_thread.cc(203)] Waited 13 ms for network service
9월 21, 2019 16:43:43.94 [1204:18276:0921/164343.944:ERROR:browser_process_sub_thread.cc(203)] Waited 11 ms for network service
9월 21, 2019 17:10:21.74 [15936:8208:0921/171021.739:ERROR:browser_process_sub_thread.cc(203)] Waited 7 ms for network service
9월 21, 2019 17:13:04.99 [6608:19052:0921/171304.990:ERROR:browser_process_sub_thread.cc(203)] Waited 6 ms for network service
9월 21, 2019 17:28:54.78 [2956:16876:0921/172854.786:ERROR:browser_process_sub_thread.cc(203)] Waited 11 ms for network service
9월 21, 2019 18:20:53.61 [2568:17840:0921/182053.610:ERROR:browser_process_sub_thread.cc(203)] Waited 8 ms for network service
9월 21, 2019 18:53:04.55 [19116:15608:0921/185304.550:ERROR:connection_factory_impl.cc(413)] Failed to connect to MCS endpoint with error -106
9월 21, 2019 18:56:36.41 [19116:15608:0921/185636.412:ERROR:socket_stream.cc(219)] Closing stream with result -2
9월 21, 2019 18:56:40.55 [19116:15608:0921/185640.549:ERROR:connection_factory_impl.cc(413)] Failed to connect to MCS endpoint with error -21
9월 21, 2019 18:57:04.56 [19116:15608:0921/185704.566:ERROR:connection_factory_impl.cc(413)] Failed to connect to MCS endpoint with error -118

9월 22, 2019 14:01:55.73 NEW SESSION
9월 22, 2019 14:01:55.73 [17148:9380:0922/140155.733:ERROR:browser_process_sub_thread.cc(203)] Waited 13 ms for network service
9월 22, 2019 14:07:26.54 [3052:2432:0922/140726.548:ERROR:browser_process_sub_thread.cc(203)] Waited 10 ms for network service
9월 22, 2019 14:08:15.82 [5624:812:0922/140815.824:ERROR:browser_process_sub_thread.cc(203)] Waited 14 ms for network service
9월 22, 2019 14:57:01.41 [14196:12536:0922/145701.411:ERROR:browser_process_sub_thread.cc(203)] Waited 10 ms for network service
9월 22, 2019 15:17:08.66 [18672:720:0922/151708.661:ERROR:browser_process_sub_thread.cc(203)] Waited 6 ms for network service
9월 22, 2019 15:25:17.31 [800:16548:0922/152517.318:ERROR:browser_process_sub_thread.cc(203)] Waited 14 ms for network service
9월 22, 2019 15:53:05.23 [5760:5924:0922/155305.238:ERROR:browser_process_sub_thread.cc(203)] Waited 5 ms for network service
9월 22, 2019 16:13:45.60 [17332:14212:0922/161345.608:ERROR:browser_process_sub_thread.cc(203)] Waited 5 ms for network service
9월 22, 2019 16:30:12.83 [1692:1112:0922/163012.832:ERROR:browser_process_sub_thread.cc(203)] Waited 7 ms for network service
9월 22, 2019 16:35:21.03 [18192:14680:0922/163521.034:ERROR:browser_process_sub_thread.cc(203)] Waited 5 ms for network service
9월 22, 2019 16:40:22.17 [5500:3848:0922/164022.173:ERROR:browser_process_sub_thread.cc(203)] Waited 8 ms for network service
9월 22, 2019 17:01:20.27 [16880:17144:0922/170120.271:ERROR:browser_process_sub_thread.cc(203)] Waited 6 ms for network service
9월 22, 2019 17:13:57.70 [10548:13152:0922/171357.708:ERROR:browser_process_sub_thread.cc(203)] Waited 6 ms for network service
9월 22, 2019 17:21:10.75 [16404:7996:0922/172110.754:ERROR:browser_process_sub_thread.cc(203)] Waited 7 ms for network service
9월 22, 2019 17:27:19.72 [11432:6432:0922/172719.725:ERROR:browser_process_sub_thread.cc(203)] Waited 10 ms for network service
9월 22, 2019 18:20:37.56 [19056:7656:0922/182037.563:ERROR:browser_process_sub_thread.cc(203)] Waited 6 ms for network service
9월 22, 2019 18:25:18.56 [17868:16960:0922/182518.565:ERROR:browser_process_sub_thread.cc(203)] Waited 10 ms for network service
9월 22, 2019 19:04:07.33 [10808:13644:0922/190407.334:ERROR:browser_process_sub_thread.cc(203)] Waited 8 ms for network service
9월 22, 2019 20:05:44.07 [1112:12588:0922/200544.077:ERROR:socket_stream.cc(219)] Closing stream with result -2
9월 22, 2019 20:14:32.03 [1112:12588:0922/201432.031:ERROR:browser_process_sub_thread.cc(203)] Waited 9 ms for network service
9월 22, 2019 20:41:25.00 [212:14576:0922/204125.003:ERROR:browser_process_sub_thread.cc(203)] Waited 7 ms for network service
9월 22, 2019 21:36:42.72 [2552:4968:0922/213642.728:ERROR:connection_factory_impl.cc(413)] Failed to connect to MCS endpoint with error -106

9월 23, 2019 16:34:24.98 NEW SESSION
9월 23, 2019 16:34:24.99 [20160:16360:0923/163424.558:ERROR:socket_stream.cc(219)] Closing stream with result -2
9월 23, 2019 16:34:29.72 [20160:16360:0923/163429.719:ERROR:connection_factory_impl.cc(413)] Failed to connect to MCS endpoint with error -105
9월 23, 2019 16:34:39.34 [20160:16360:0923/163439.348:ERROR:connection_factory_impl.cc(413)] Failed to connect to MCS endpoint with error -105
9월 23, 2019 16:35:02.82 [20160:16360:0923/163502.820:ERROR:connection_factory_impl.cc(413)] Failed to connect to MCS endpoint with error -106
9월 23, 2019 16:35:18.16 [20160:16360:0923/163518.167:ERROR:connection_factory_impl.cc(413)] Failed to connect to MCS endpoint with error -21
9월 23, 2019 17:03:59.56 [20160:16360:0923/170359.567:ERROR:socket_stream.cc(219)] Closing stream with result -2
9월 23, 2019 17:04:11.58 [20160:16360:0923/170411.588:ERROR:connection_factory_impl.cc(413)] Failed to connect to MCS endpoint with error -105
9월 23, 2019 17:04:46.66 [20160:16360:0923/170446.662:ERROR:connection_factory_impl.cc(413)] Failed to connect to MCS endpoint with error -105
9월 23, 2019 17:05:45.25 [20160:16360:0923/170545.250:ERROR:connection_factory_impl.cc(413)] Failed to connect to MCS endpoint with error -105
9월 23, 2019 17:06:31.57 [20160:16360:0923/170631.569:ERROR:connection_factory_impl.cc(413)] Failed to connect to MCS endpoint with error -106
9월 23, 2019 17:09:43.31 [20160:16360:0923/170943.314:ERROR:connection_factory_impl.cc(413)] Failed to connect to MCS endpoint with error -106
9월 23, 2019 17:37:38.51 [20160:7372:0923/173738.518:ERROR:gcm_channel_status_request.cc(146)] GCM channel request failed.
9월 23, 2019 17:37:39.71 [20160:16360:0923/173738.522:ERROR:connection_factory_impl.cc(413)] Failed to connect to MCS endpoint with error -106
9월 23, 2019 17:38:07.01 [20160:7372:0923/173807.010:ERROR:gcm_channel_status_request.cc(146)] GCM channel request failed.
9월 23, 2019 17:38:49.28 [20160:7372:0923/173849.284:ERROR:gcm_channel_status_request.cc(146)] GCM channel request failed.
9월 23, 2019 17:40:19.79 [20160:7372:0923/174019.790:ERROR:gcm_channel_status_request.cc(146)] GCM channel request failed.
9월 23, 2019 18:34:02.75 [20160:16360:0923/183402.748:ERROR:socket_stream.cc(219)] Closing stream with result -2
9월 23, 2019 19:24:43.37 [20160:16360:0923/192443.378:ERROR:browser_process_sub_thread.cc(203)] Waited 14 ms for network service
9월 23, 2019 19:34:01.81 [12232:7708:0923/193401.817:ERROR:browser_process_sub_thread.cc(203)] Waited 22 ms for network service
9월 23, 2019 20:38:42.00 [10780:19992:0923/203842.003:ERROR:browser_process_sub_thread.cc(203)] Waited 10 ms for network service
9월 23, 2019 22:18:30.79 [11924:7844:0923/221830.797:ERROR:browser_process_sub_thread.cc(203)] Waited 10 ms for network service
9월 23, 2019 22:22:45.08 [11960:5036:0923/222245.086:ERROR:browser_process_sub_thread.cc(203)] Waited 10 ms for network service
9월 23, 2019 22:34:51.59 [19360:16360:0923/223451.591:ERROR:browser_process_sub_thread.cc(203)] Waited 7 ms for network service

9월 24, 2019 20:58:59.50 NEW SESSION
9월 24, 2019 20:58:59.50 [17880:17144:0924/205859.343:ERROR:browser_process_sub_thread.cc(203)] Waited 16 ms for network service
9월 24, 2019 21:08:02.15 [18792:10968:0924/210802.155:ERROR:browser_process_sub_thread.cc(203)] Waited 12 ms for network service
9월 24, 2019 21:59:07.57 [2116:14856:0924/215907.574:ERROR:browser_process_sub_thread.cc(203)] Waited 6 ms for network service

9월 25, 2019 13:24:11.24 NEW SESSION
9월 25, 2019 13:24:11.24 [12004:9252:0925/132411.238:ERROR:socket_stream.cc(219)] Closing stream with result -2
9월 25, 2019 13:28:32.90 [12004:9252:0925/132832.906:ERROR:browser_process_sub_thread.cc(203)] Waited 7 ms for network service

9월 26, 2019 15:41:29.69 NEW SESSION
9월 26, 2019 15:41:29.70 [16516:19228:0926/154129.692:ERROR:connection_factory_impl.cc(418)] Failed to connect to MCS endpoint with error -21
9월 26, 2019 16:00:10.37 [16516:19228:0926/160010.376:ERROR:connection_factory_impl.cc(418)] Failed to connect to MCS endpoint with error -106
9월 26, 2019 16:00:24.09 [16516:19228:0926/160024.093:ERROR:connection_factory_impl.cc(418)] Failed to connect to MCS endpoint with error -21
9월 26, 2019 16:00:26.37 [16516:19228:0926/160026.373:ERROR:connection_factory_impl.cc(418)] Failed to connect to MCS endpoint with error -106
9월 26, 2019 16:27:12.66 [0926/162712.668:ERROR:process_info.cc(329)] VirtualQueryEx: 액세스가 거부되었습니다. (0x5)
9월 26, 2019 16:27:12.67 [0926/162712.669:ERROR:process_info.cc(556)] ReadMemoryInfo failed
9월 26, 2019 16:27:12.67 [0926/162712.671:ERROR:process_memory_win.cc(39)] Failed to initialize ProcessInfo.
9월 26, 2019 16:27:12.67 [0926/162712.672:ERROR:scoped_process_suspend.cc(40)] NtResumeProcess: 기존 프로세스에 액세스하려고 했습니다. (0xc000010a)
9월 26, 2019 17:27:14.62 [10152:20440:0926/172714.620:ERROR:socket_stream.cc(219)] Closing stream with result -2
9월 26, 2019 17:32:15.76 [10152:10380:0926/173215.760:ERROR:gcm_channel_status_request.cc(145)] GCM channel request failed.
9월 26, 2019 20:53:54.96 [10152:10380:0926/205354.965:ERROR:CONSOLE(714)] "Uncaught (in promise) TypeError: Cannot read property 'startsWith' of undefined", source: devtools://devtools/bundled/shell.js (714)
9월 26, 2019 20:53:56.49 [10152:10380:0926/205356.490:ERROR:CONSOLE(714)] "Uncaught (in promise) TypeError: Cannot read property 'startsWith' of undefined", source: devtools://devtools/bundled/shell.js (714)
9월 26, 2019 20:53:57.17 [10152:10380:0926/205357.171:ERROR:CONSOLE(714)] "Uncaught (in promise) TypeError: Cannot read property 'startsWith' of undefined", source: devtools://devtools/bundled/shell.js (714)
9월 26, 2019 20:53:58.26 [10152:10380:0926/205358.269:ERROR:CONSOLE(714)] "Uncaught (in promise) TypeError: Cannot read property 'startsWith' of undefined", source: devtools://devtools/bundled/shell.js (714)
9월 26, 2019 20:53:58.73 [10152:10380:0926/205358.738:ERROR:CONSOLE(714)] "Uncaught (in promise) TypeError: Cannot read property 'startsWith' of undefined", source: devtools://devtools/bundled/shell.js (714)
9월 26, 2019 20:53:59.20 [10152:10380:0926/205359.205:ERROR:CONSOLE(714)] "Uncaught (in promise) TypeError: Cannot read property 'startsWith' of undefined", source: devtools://devtools/bundled/shell.js (714)
9월 26, 2019 20:53:59.62 [10152:10380:0926/205359.625:ERROR:CONSOLE(714)] "Uncaught (in promise) TypeError: Cannot read property 'startsWith' of undefined", source: devtools://devtools/bundled/shell.js (714)
9월 26, 2019 20:54:00.53 [10152:10380:0926/205400.536:ERROR:CONSOLE(714)] "Uncaught (in promise) TypeError: Cannot read property 'startsWith' of undefined", source: devtools://devtools/bundled/shell.js (714)
9월 26, 2019 22:28:24.42 [10152:10380:0926/222824.421:ERROR:CONSOLE(2073)] "Uncaught ReferenceError: cr is not defined", source: chrome://apps/ (2073)
9월 26, 2019 23:36:11.88 [10152:20440:0926/233611.884:ERROR:socket_stream.cc(219)] Closing stream with result -2

9월 27, 2019 18:41:14.72 NEW SESSION
9월 27, 2019 18:41:14.72 [21244:16308:0927/184114.725:ERROR:CONSOLE(2152)] "One popover is already visible", source: devtools://devtools/bundled/shell.js (2152)

9월 28, 2019 14:57:12.67 NEW SESSION
9월 28, 2019 14:57:12.67 [21016:22720:0928/145712.675:ERROR:socket_stream.cc(219)] Closing stream with result -2
9월 28, 2019 15:04:25.49 [21016:22720:0928/150425.498:ERROR:connection_factory_impl.cc(418)] Failed to connect to MCS endpoint with error -21
